#
# There is insufficient memory for the Java Runtime Environment to continue.
# Native memory allocation (malloc) failed to allocate 273168 bytes. Error detail: Chunk::new
# Possible reasons:
#   The system is out of physical RAM or swap space
#   This process is running with CompressedOops enabled, and the Java Heap may be blocking the growth of the native heap
# Possible solutions:
#   Reduce memory load on the system
#   Increase physical memory or swap space
#   Check if swap backing store is full
#   Decrease Java heap size (-Xmx/-Xms)
#   Decrease number of Java threads
#   Decrease Java thread stack sizes (-Xss)
#   Set larger code cache with -XX:ReservedCodeCacheSize=
#   JVM is running with Unscaled Compressed Oops mode in which the Java heap is
#     placed in the first 4GB address space. The Java Heap base address is the
#     maximum limit for the native heap growth. Please use -XX:HeapBaseMinAddress
#     to set the Java Heap base and to place the Java Heap above 4GB virtual address.
# This output file may be truncated or incomplete.
#
#  Out of Memory Error (arena.cpp:168), pid=2120, tid=9820
#
# JRE version: OpenJDK Runtime Environment Temurin-21.0.9+10 (21.0.9+10) (build 21.0.9+10-LTS)
# Java VM: OpenJDK 64-Bit Server VM Temurin-21.0.9+10 (21.0.9+10-LTS, mixed mode, sharing, tiered, compressed oops, compressed class ptrs, parallel gc, windows-amd64)
# No core dump will be written. Minidumps are not enabled by default on client versions of Windows
#

---------------  S U M M A R Y ------------

Command Line: --add-modules=ALL-SYSTEM --add-opens=java.base/java.util=ALL-UNNAMED --add-opens=java.base/java.lang=ALL-UNNAMED --add-opens=java.base/sun.nio.fs=ALL-UNNAMED -Declipse.application=org.eclipse.jdt.ls.core.id1 -Dosgi.bundles.defaultStartLevel=4 -Declipse.product=org.eclipse.jdt.ls.core.product -Djava.import.generatesMetadataFilesAtProjectRoot=false -DDetectVMInstallationsJob.disabled=true -Dfile.encoding=utf8 -XX:+UseParallelGC -XX:GCTimeRatio=4 -XX:AdaptiveSizePolicyWeight=90 -Dsun.zip.disableMemoryMapping=true -Xmx2G -Xms100m -Xlog:disable -javaagent:c:\Users\Ana\.vscode\extensions\redhat.java-1.52.0-win32-x64\lombok\lombok-1.18.39-4050.jar -XX:+HeapDumpOnOutOfMemoryError -XX:HeapDumpPath=c:\Users\Ana\AppData\Roaming\Code\User\workspaceStorage\da09b2e9f6d0d126afffef9b12f6fccd\redhat.java -Daether.dependencyCollector.impl=bf c:\Users\Ana\.vscode\extensions\redhat.java-1.52.0-win32-x64\server\plugins\org.eclipse.equinox.launcher_1.7.100.v20251111-0406.jar -configuration c:\Users\Ana\AppData\Roaming\Code\User\globalStorage\redhat.java\1.52.0\config_win -data c:\Users\Ana\AppData\Roaming\Code\User\workspaceStorage\da09b2e9f6d0d126afffef9b12f6fccd\redhat.java\jdt_ws --pipe=\\.\pipe\lsp-0e402fef9bf9447479042da10546b156-sock

Host: AMD Ryzen 5 3500U with Radeon Vega Mobile Gfx  , 8 cores, 5G,  Windows 11 , 64 bit Build 26100 (10.0.26100.7623)
Time: Wed Feb  4 09:32:26 2026 Hora est. Pacífico, Sudamérica elapsed time: 7.785885 seconds (0d 0h 0m 7s)

---------------  T H R E A D  ---------------

Current thread (0x000001ba7f282260):  JavaThread "C2 CompilerThread0" daemon [_thread_in_native, id=9820, stack(0x0000003861d00000,0x0000003861e00000) (1024K)]


Current CompileTask:
C2:7786 2559       4       java.io.DataInputStream::readFully (59 bytes)

Stack: [0x0000003861d00000,0x0000003861e00000]
Native frames: (J=compiled Java code, j=interpreted, Vv=VM code, C=native code)
V  [jvm.dll+0x6d6e29]
V  [jvm.dll+0x8b4b76]
V  [jvm.dll+0x8b712e]
V  [jvm.dll+0x8b7813]
V  [jvm.dll+0x283d86]
V  [jvm.dll+0xc66ed]
V  [jvm.dll+0xc6c31]
V  [jvm.dll+0x3be53b]
V  [jvm.dll+0x38ab92]
V  [jvm.dll+0x389fda]
V  [jvm.dll+0x24bfa0]
V  [jvm.dll+0x24b580]
V  [jvm.dll+0x1cb13e]
V  [jvm.dll+0x25b29d]
V  [jvm.dll+0x25982a]
V  [jvm.dll+0x3f7ea6]
V  [jvm.dll+0x85e9ad]
V  [jvm.dll+0x6d565d]
C  [ucrtbase.dll+0x37b0]
C  [KERNEL32.DLL+0x2e8d7]
C  [ntdll.dll+0x8c53c]


---------------  P R O C E S S  ---------------

Threads class SMR info:
_java_thread_list=0x000001ba55a035c0, length=19, elements={
0x000001ba777fea50, 0x000001ba778bb6d0, 0x000001ba778be840, 0x000001ba7f2786e0,
0x000001ba7f279330, 0x000001ba7f27d3f0, 0x000001ba7f27df70, 0x000001ba7f282260,
0x000001ba50bfca30, 0x000001ba50d88010, 0x000001ba50ed3420, 0x000001ba55597fd0,
0x000001ba55727480, 0x000001ba55632d10, 0x000001ba555aed10, 0x000001ba562101b0,
0x000001ba553c6a40, 0x000001ba55d58bb0, 0x000001ba5601eb30
}

Java Threads: ( => current thread )
  0x000001ba777fea50 JavaThread "main"                              [_thread_blocked, id=1340, stack(0x0000003861300000,0x0000003861400000) (1024K)]
  0x000001ba778bb6d0 JavaThread "Reference Handler"          daemon [_thread_blocked, id=12764, stack(0x0000003861700000,0x0000003861800000) (1024K)]
  0x000001ba778be840 JavaThread "Finalizer"                  daemon [_thread_blocked, id=11180, stack(0x0000003861800000,0x0000003861900000) (1024K)]
  0x000001ba7f2786e0 JavaThread "Signal Dispatcher"          daemon [_thread_blocked, id=4620, stack(0x0000003861900000,0x0000003861a00000) (1024K)]
  0x000001ba7f279330 JavaThread "Attach Listener"            daemon [_thread_blocked, id=11120, stack(0x0000003861a00000,0x0000003861b00000) (1024K)]
  0x000001ba7f27d3f0 JavaThread "Service Thread"             daemon [_thread_blocked, id=5548, stack(0x0000003861b00000,0x0000003861c00000) (1024K)]
  0x000001ba7f27df70 JavaThread "Monitor Deflation Thread"   daemon [_thread_blocked, id=3944, stack(0x0000003861c00000,0x0000003861d00000) (1024K)]
=>0x000001ba7f282260 JavaThread "C2 CompilerThread0"         daemon [_thread_in_native, id=9820, stack(0x0000003861d00000,0x0000003861e00000) (1024K)]
  0x000001ba50bfca30 JavaThread "C1 CompilerThread0"         daemon [_thread_in_vm, id=13244, stack(0x0000003861e00000,0x0000003861f00000) (1024K)]
  0x000001ba50d88010 JavaThread "Common-Cleaner"             daemon [_thread_blocked, id=2948, stack(0x0000003862000000,0x0000003862100000) (1024K)]
  0x000001ba50ed3420 JavaThread "Notification Thread"        daemon [_thread_blocked, id=9876, stack(0x0000003862100000,0x0000003862200000) (1024K)]
  0x000001ba55597fd0 JavaThread "Active Thread: Equinox Container: 6133b0a2-4f04-450d-80e6-b61ee788fed1"        [_thread_blocked, id=5508, stack(0x0000003862800000,0x0000003862900000) (1024K)]
  0x000001ba55727480 JavaThread "Refresh Thread: Equinox Container: 6133b0a2-4f04-450d-80e6-b61ee788fed1" daemon [_thread_blocked, id=3036, stack(0x0000003862a00000,0x0000003862b00000) (1024K)]
  0x000001ba55632d10 JavaThread "Framework Event Dispatcher: Equinox Container: 6133b0a2-4f04-450d-80e6-b61ee788fed1" daemon [_thread_blocked, id=5756, stack(0x0000003862b00000,0x0000003862c00000) (1024K)]
  0x000001ba555aed10 JavaThread "Start Level: Equinox Container: 6133b0a2-4f04-450d-80e6-b61ee788fed1" daemon [_thread_in_vm, id=8728, stack(0x0000003861f00000,0x0000003862000000) (1024K)]
  0x000001ba562101b0 JavaThread "Bundle File Closer"         daemon [_thread_blocked, id=5976, stack(0x0000003862e00000,0x0000003862f00000) (1024K)]
  0x000001ba553c6a40 JavaThread "SCR Component Actor"        daemon [_thread_blocked, id=8976, stack(0x0000003862c00000,0x0000003862d00000) (1024K)]
  0x000001ba55d58bb0 JavaThread "C2 CompilerThread1"         daemon [_thread_in_native, id=10668, stack(0x0000003862d00000,0x0000003862e00000) (1024K)]
  0x000001ba5601eb30 JavaThread "C2 CompilerThread2"         daemon [_thread_blocked, id=10276, stack(0x0000003862f00000,0x0000003863000000) (1024K)]
Total: 19

Other Threads:
  0x000001ba753b2a00 VMThread "VM Thread"                           [id=12424, stack(0x0000003861600000,0x0000003861700000) (1024K)]
  0x000001ba7786c310 WatcherThread "VM Periodic Task Thread"        [id=11796, stack(0x0000003861500000,0x0000003861600000) (1024K)]
  0x000001ba753b2660 WorkerThread "GC Thread#0"                     [id=7192, stack(0x0000003861400000,0x0000003861500000) (1024K)]
  0x000001ba753b2da0 WorkerThread "GC Thread#1"                     [id=6072, stack(0x0000003862200000,0x0000003862300000) (1024K)]
  0x000001ba753b1f20 WorkerThread "GC Thread#2"                     [id=3956, stack(0x0000003862300000,0x0000003862400000) (1024K)]
  0x000001ba753b3880 WorkerThread "GC Thread#3"                     [id=4388, stack(0x0000003862400000,0x0000003862500000) (1024K)]
  0x000001ba555dbb40 WorkerThread "GC Thread#4"                     [id=7728, stack(0x0000003862500000,0x0000003862600000) (1024K)]
  0x000001ba555d8880 WorkerThread "GC Thread#5"                     [id=3520, stack(0x0000003862600000,0x0000003862700000) (1024K)]
  0x000001ba555da1e0 WorkerThread "GC Thread#6"                     [id=8224, stack(0x0000003862700000,0x0000003862800000) (1024K)]
  0x000001ba555db7a0 WorkerThread "GC Thread#7"                     [id=13044, stack(0x0000003862900000,0x0000003862a00000) (1024K)]
Total: 10

Threads with active compile tasks:
C2 CompilerThread0  7864 2559       4       java.io.DataInputStream::readFully (59 bytes)
C2 CompilerThread1  7864 2587       4       jdk.internal.util.StrongReferenceKey::hashCode (8 bytes)
Total: 2

VM state: not at safepoint (normal execution)

VM Mutex/Monitor currently owned by a thread: None

Heap address: 0x0000000080000000, size: 2048 MB, Compressed Oops mode: 32-bit

CDS archive(s) mapped at: [0x000001ba0f000000-0x000001ba0fba0000-0x000001ba0fba0000), size 12189696, SharedBaseAddress: 0x000001ba0f000000, ArchiveRelocationMode: 1.
Compressed class space mapped at: 0x000001ba10000000-0x000001ba50000000, reserved size: 1073741824
Narrow klass base: 0x000001ba0f000000, Narrow klass shift: 0, Narrow klass range: 0x100000000

GC Precious Log:
 CardTable entry size: 512
 CPUs: 8 total, 8 available
 Memory: 6082M
 Large Page Support: Disabled
 NUMA Support: Disabled
 Compressed Oops: Enabled (32-bit)
 Alignments: Space 512K, Generation 512K, Heap 2M
 Heap Min Capacity: 100M
 Heap Initial Capacity: 100M
 Heap Max Capacity: 2G
 Pre-touch: Disabled
 Parallel Workers: 8

Heap:
 PSYoungGen      total 29696K, used 8707K [0x00000000d5580000, 0x00000000d7680000, 0x0000000100000000)
  eden space 25600K, 18% used [0x00000000d5580000,0x00000000d5a01ec8,0x00000000d6e80000)
  from space 4096K, 99% used [0x00000000d7280000,0x00000000d767ee58,0x00000000d7680000)
  to   space 4096K, 0% used [0x00000000d6e80000,0x00000000d6e80000,0x00000000d7280000)
 ParOldGen       total 68608K, used 6694K [0x0000000080000000, 0x0000000084300000, 0x00000000d5580000)
  object space 68608K, 9% used [0x0000000080000000,0x0000000080689868,0x0000000084300000)
 Metaspace       used 12435K, committed 12864K, reserved 1114112K
  class space    used 1321K, committed 1472K, reserved 1048576K

Card table byte_map: [0x000001ba771a0000,0x000001ba775b0000] _byte_map_base: 0x000001ba76da0000

Marking Bits: (ParMarkBitMap*) 0x00007ffe12762460
 Begin Bits: [0x000001ba7acb0000, 0x000001ba7ccb0000)
 End Bits:   [0x000001ba7ccb0000, 0x000001ba7ecb0000)

Polling page: 0x000001ba75680000

Metaspace:

Usage:
  Non-class:     10.85 MB used.
      Class:      1.29 MB used.
       Both:     12.14 MB used.

Virtual space:
  Non-class space:       64.00 MB reserved,      11.12 MB ( 17%) committed,  1 nodes.
      Class space:        1.00 GB reserved,       1.44 MB ( <1%) committed,  1 nodes.
             Both:        1.06 GB reserved,      12.56 MB (  1%) committed. 

Chunk freelists:
   Non-Class:  4.91 MB
       Class:  14.56 MB
        Both:  19.47 MB

MaxMetaspaceSize: unlimited
CompressedClassSpaceSize: 1.00 GB
Initial GC threshold: 21.00 MB
Current GC threshold: 21.00 MB
CDS: on
 - commit_granule_bytes: 65536.
 - commit_granule_words: 8192.
 - virtual_space_node_default_size: 8388608.
 - enlarge_chunks_in_place: 1.
 - use_allocation_guard: 0.


Internal statistics:

num_allocs_failed_limit: 0.
num_arena_births: 288.
num_arena_deaths: 0.
num_vsnodes_births: 2.
num_vsnodes_deaths: 0.
num_space_committed: 201.
num_space_uncommitted: 0.
num_chunks_returned_to_freelist: 0.
num_chunks_taken_from_freelist: 663.
num_chunk_merges: 0.
num_chunk_splits: 428.
num_chunks_enlarged: 282.
num_inconsistent_stats: 0.

CodeHeap 'non-profiled nmethods': size=120000Kb used=1218Kb max_used=1218Kb free=118782Kb
 bounds [0x000001ba07ad0000, 0x000001ba07d40000, 0x000001ba0f000000]
CodeHeap 'profiled nmethods': size=120000Kb used=5030Kb max_used=5030Kb free=114969Kb
 bounds [0x000001ba00000000, 0x000001ba004f0000, 0x000001ba07530000]
CodeHeap 'non-nmethods': size=5760Kb used=1234Kb max_used=1269Kb free=4525Kb
 bounds [0x000001ba07530000, 0x000001ba077a0000, 0x000001ba07ad0000]
CodeCache: size=245760Kb, used=7482Kb, max_used=7517Kb, free=238276Kb
 total_blobs=3098, nmethods=2593, adapters=411, full_count=0
Compilation: enabled, stopped_count=0, restarted_count=0

Compilation events (20 events):
Event: 6.699 Thread 0x000001ba55d58bb0 2563 %     4       java.io.DataInputStream::readUTF @ 92 (501 bytes)
Event: 6.700 Thread 0x000001ba5601eb30 2554       4       java.util.concurrent.locks.ReentrantLock::lock (8 bytes)
Event: 6.703 Thread 0x000001ba5601eb30 nmethod 2554 0x000001ba07bf7110 code [0x000001ba07bf72a0, 0x000001ba07bf73f8]
Event: 6.703 Thread 0x000001ba5601eb30 2555       4       java.util.concurrent.locks.ReentrantLock::unlock (10 bytes)
Event: 6.706 Thread 0x000001ba5601eb30 nmethod 2555 0x000001ba07bf7590 code [0x000001ba07bf7740, 0x000001ba07bf78b8]
Event: 6.706 Thread 0x000001ba5601eb30 2556       4       jdk.internal.misc.InternalLock::lock (8 bytes)
Event: 6.707 Thread 0x000001ba50bfca30 2565       3       java.util.ArrayList::rangeCheckForAdd (26 bytes)
Event: 6.708 Thread 0x000001ba50bfca30 nmethod 2565 0x000001ba004ded90 code [0x000001ba004df000, 0x000001ba004df810]
Event: 6.710 Thread 0x000001ba5601eb30 nmethod 2556 0x000001ba07bf7a90 code [0x000001ba07bf7c20, 0x000001ba07bf7d98]
Event: 6.710 Thread 0x000001ba5601eb30 2557       4       jdk.internal.misc.InternalLock::unlock (8 bytes)
Event: 6.714 Thread 0x000001ba5601eb30 nmethod 2557 0x000001ba07bf7f10 code [0x000001ba07bf80c0, 0x000001ba07bf8250]
Event: 6.717 Thread 0x000001ba5601eb30 2558   !   4       java.io.BufferedInputStream::read (69 bytes)
Event: 6.725 Thread 0x000001ba50bfca30 2567   !   3       org.eclipse.osgi.storage.StorageUtil::getBytes (171 bytes)
Event: 6.727 Thread 0x000001ba50bfca30 nmethod 2567 0x000001ba004dfb90 code [0x000001ba004dfde0, 0x000001ba004e0a88]
Event: 6.727 Thread 0x000001ba50bfca30 2566       3       org.eclipse.osgi.storage.bundlefile.ZipBundleEntry::getSize (8 bytes)
Event: 6.727 Thread 0x000001ba50bfca30 nmethod 2566 0x000001ba004e0f90 code [0x000001ba004e1120, 0x000001ba004e12d0]
Event: 6.727 Thread 0x000001ba50bfca30 2568       3       org.eclipse.osgi.internal.loader.classpath.ClasspathManager::definePackage (162 bytes)
Event: 6.730 Thread 0x000001ba50bfca30 nmethod 2568 0x000001ba004e1390 code [0x000001ba004e1640, 0x000001ba004e2280]
Event: 6.732 Thread 0x000001ba50bfca30 2569       3       org.eclipse.osgi.internal.loader.ModuleClassLoader$DefineClassResult::<init> (15 bytes)
Event: 6.733 Thread 0x000001ba50bfca30 nmethod 2569 0x000001ba004e2910 code [0x000001ba004e2ac0, 0x000001ba004e2c50]

GC Heap History (8 events):
Event: 2.511 GC heap before
{Heap before GC invocations=1 (full 0):
 PSYoungGen      total 29696K, used 25600K [0x00000000d5580000, 0x00000000d7680000, 0x0000000100000000)
  eden space 25600K, 100% used [0x00000000d5580000,0x00000000d6e80000,0x00000000d6e80000)
  from space 4096K, 0% used [0x00000000d7280000,0x00000000d7280000,0x00000000d7680000)
  to   space 4096K, 0% used [0x00000000d6e80000,0x00000000d6e80000,0x00000000d7280000)
 ParOldGen       total 68608K, used 0K [0x0000000080000000, 0x0000000084300000, 0x00000000d5580000)
  object space 68608K, 0% used [0x0000000080000000,0x0000000080000000,0x0000000084300000)
 Metaspace       used 4337K, committed 4608K, reserved 1114112K
  class space    used 472K, committed 576K, reserved 1048576K
}
Event: 2.520 GC heap after
{Heap after GC invocations=1 (full 0):
 PSYoungGen      total 29696K, used 3319K [0x00000000d5580000, 0x00000000d7680000, 0x0000000100000000)
  eden space 25600K, 0% used [0x00000000d5580000,0x00000000d5580000,0x00000000d6e80000)
  from space 4096K, 81% used [0x00000000d6e80000,0x00000000d71bdea8,0x00000000d7280000)
  to   space 4096K, 0% used [0x00000000d7280000,0x00000000d7280000,0x00000000d7680000)
 ParOldGen       total 68608K, used 16K [0x0000000080000000, 0x0000000084300000, 0x00000000d5580000)
  object space 68608K, 0% used [0x0000000080000000,0x0000000080004000,0x0000000084300000)
 Metaspace       used 4337K, committed 4608K, reserved 1114112K
  class space    used 472K, committed 576K, reserved 1048576K
}
Event: 3.802 GC heap before
{Heap before GC invocations=2 (full 0):
 PSYoungGen      total 29696K, used 28919K [0x00000000d5580000, 0x00000000d7680000, 0x0000000100000000)
  eden space 25600K, 100% used [0x00000000d5580000,0x00000000d6e80000,0x00000000d6e80000)
  from space 4096K, 81% used [0x00000000d6e80000,0x00000000d71bdea8,0x00000000d7280000)
  to   space 4096K, 0% used [0x00000000d7280000,0x00000000d7280000,0x00000000d7680000)
 ParOldGen       total 68608K, used 16K [0x0000000080000000, 0x0000000084300000, 0x00000000d5580000)
  object space 68608K, 0% used [0x0000000080000000,0x0000000080004000,0x0000000084300000)
 Metaspace       used 7972K, committed 8256K, reserved 1114112K
  class space    used 829K, committed 960K, reserved 1048576K
}
Event: 3.812 GC heap after
{Heap after GC invocations=2 (full 0):
 PSYoungGen      total 29696K, used 4087K [0x00000000d5580000, 0x00000000d7680000, 0x0000000100000000)
  eden space 25600K, 0% used [0x00000000d5580000,0x00000000d5580000,0x00000000d6e80000)
  from space 4096K, 99% used [0x00000000d7280000,0x00000000d767de88,0x00000000d7680000)
  to   space 4096K, 0% used [0x00000000d6e80000,0x00000000d6e80000,0x00000000d7280000)
 ParOldGen       total 68608K, used 2012K [0x0000000080000000, 0x0000000084300000, 0x00000000d5580000)
  object space 68608K, 2% used [0x0000000080000000,0x00000000801f7030,0x0000000084300000)
 Metaspace       used 7972K, committed 8256K, reserved 1114112K
  class space    used 829K, committed 960K, reserved 1048576K
}
Event: 4.661 GC heap before
{Heap before GC invocations=3 (full 0):
 PSYoungGen      total 29696K, used 29687K [0x00000000d5580000, 0x00000000d7680000, 0x0000000100000000)
  eden space 25600K, 100% used [0x00000000d5580000,0x00000000d6e80000,0x00000000d6e80000)
  from space 4096K, 99% used [0x00000000d7280000,0x00000000d767de88,0x00000000d7680000)
  to   space 4096K, 0% used [0x00000000d6e80000,0x00000000d6e80000,0x00000000d7280000)
 ParOldGen       total 68608K, used 2012K [0x0000000080000000, 0x0000000084300000, 0x00000000d5580000)
  object space 68608K, 2% used [0x0000000080000000,0x00000000801f7030,0x0000000084300000)
 Metaspace       used 9452K, committed 9792K, reserved 1114112K
  class space    used 1008K, committed 1152K, reserved 1048576K
}
Event: 4.672 GC heap after
{Heap after GC invocations=3 (full 0):
 PSYoungGen      total 29696K, used 4088K [0x00000000d5580000, 0x00000000d7680000, 0x0000000100000000)
  eden space 25600K, 0% used [0x00000000d5580000,0x00000000d5580000,0x00000000d6e80000)
  from space 4096K, 99% used [0x00000000d6e80000,0x00000000d727e1f0,0x00000000d7280000)
  to   space 4096K, 0% used [0x00000000d7280000,0x00000000d7280000,0x00000000d7680000)
 ParOldGen       total 68608K, used 5124K [0x0000000080000000, 0x0000000084300000, 0x00000000d5580000)
  object space 68608K, 7% used [0x0000000080000000,0x0000000080501280,0x0000000084300000)
 Metaspace       used 9452K, committed 9792K, reserved 1114112K
  class space    used 1008K, committed 1152K, reserved 1048576K
}
Event: 6.535 GC heap before
{Heap before GC invocations=4 (full 0):
 PSYoungGen      total 29696K, used 29688K [0x00000000d5580000, 0x00000000d7680000, 0x0000000100000000)
  eden space 25600K, 100% used [0x00000000d5580000,0x00000000d6e80000,0x00000000d6e80000)
  from space 4096K, 99% used [0x00000000d6e80000,0x00000000d727e1f0,0x00000000d7280000)
  to   space 4096K, 0% used [0x00000000d7280000,0x00000000d7280000,0x00000000d7680000)
 ParOldGen       total 68608K, used 5124K [0x0000000080000000, 0x0000000084300000, 0x00000000d5580000)
  object space 68608K, 7% used [0x0000000080000000,0x0000000080501280,0x0000000084300000)
 Metaspace       used 11745K, committed 12160K, reserved 1114112K
  class space    used 1243K, committed 1408K, reserved 1048576K
}
Event: 6.545 GC heap after
{Heap after GC invocations=4 (full 0):
 PSYoungGen      total 29696K, used 4091K [0x00000000d5580000, 0x00000000d7680000, 0x0000000100000000)
  eden space 25600K, 0% used [0x00000000d5580000,0x00000000d5580000,0x00000000d6e80000)
  from space 4096K, 99% used [0x00000000d7280000,0x00000000d767ee58,0x00000000d7680000)
  to   space 4096K, 0% used [0x00000000d6e80000,0x00000000d6e80000,0x00000000d7280000)
 ParOldGen       total 68608K, used 6694K [0x0000000080000000, 0x0000000084300000, 0x00000000d5580000)
  object space 68608K, 9% used [0x0000000080000000,0x0000000080689868,0x0000000084300000)
 Metaspace       used 11745K, committed 12160K, reserved 1114112K
  class space    used 1243K, committed 1408K, reserved 1048576K
}

Dll operation events (9 events):
Event: 0.026 Loaded shared library c:\Users\Ana\.vscode\extensions\redhat.java-1.52.0-win32-x64\jre\21.0.9-win32-x86_64\bin\java.dll
Event: 0.213 Loaded shared library c:\Users\Ana\.vscode\extensions\redhat.java-1.52.0-win32-x64\jre\21.0.9-win32-x86_64\bin\zip.dll
Event: 0.267 Loaded shared library C:\Users\Ana\.vscode\extensions\redhat.java-1.52.0-win32-x64\jre\21.0.9-win32-x86_64\bin\instrument.dll
Event: 0.280 Loaded shared library C:\Users\Ana\.vscode\extensions\redhat.java-1.52.0-win32-x64\jre\21.0.9-win32-x86_64\bin\net.dll
Event: 0.287 Loaded shared library C:\Users\Ana\.vscode\extensions\redhat.java-1.52.0-win32-x64\jre\21.0.9-win32-x86_64\bin\nio.dll
Event: 0.296 Loaded shared library C:\Users\Ana\.vscode\extensions\redhat.java-1.52.0-win32-x64\jre\21.0.9-win32-x86_64\bin\zip.dll
Event: 0.349 Loaded shared library C:\Users\Ana\.vscode\extensions\redhat.java-1.52.0-win32-x64\jre\21.0.9-win32-x86_64\bin\jimage.dll
Event: 0.577 Loaded shared library c:\Users\Ana\.vscode\extensions\redhat.java-1.52.0-win32-x64\jre\21.0.9-win32-x86_64\bin\verify.dll
Event: 3.830 Loaded shared library C:\Users\Ana\AppData\Roaming\Code\User\globalStorage\redhat.java\1.52.0\config_win\org.eclipse.equinox.launcher\org.eclipse.equinox.launcher.win32.win32.x86_64_1.2.1500.v20260121-1430\eclipse_11919.dll

Deoptimization events (20 events):
Event: 5.979 Thread 0x000001ba555aed10 Uncommon trap: trap_request=0xffffff45 fr.pc=0x000001ba07be1694 relative=0x00000000000005f4
Event: 5.979 Thread 0x000001ba555aed10 Uncommon trap: reason=unstable_if action=reinterpret pc=0x000001ba07be1694 method=org.eclipse.osgi.framework.util.CaseInsensitiveDictionaryMap.findCommonKeyIndex(Ljava/lang/String;)Lorg/eclipse/osgi/framework/util/CaseInsensitiveDictionaryMap$CaseInsensit
Event: 5.979 Thread 0x000001ba555aed10 DEOPT PACKING pc=0x000001ba07be1694 sp=0x0000003861ffe230
Event: 5.979 Thread 0x000001ba555aed10 DEOPT UNPACKING pc=0x000001ba07583aa2 sp=0x0000003861ffe1c0 mode 2
Event: 6.025 Thread 0x000001ba555aed10 Uncommon trap: trap_request=0xffffffc6 fr.pc=0x000001ba07be3a38 relative=0x0000000000000438
Event: 6.025 Thread 0x000001ba555aed10 Uncommon trap: reason=bimorphic_or_optimized_type_check action=maybe_recompile pc=0x000001ba07be3a38 method=java.util.regex.Pattern$BmpCharPropertyGreedy.match(Ljava/util/regex/Matcher;ILjava/lang/CharSequence;)Z @ 26 c2
Event: 6.025 Thread 0x000001ba555aed10 DEOPT PACKING pc=0x000001ba07be3a38 sp=0x0000003861ffdf50
Event: 6.025 Thread 0x000001ba555aed10 DEOPT UNPACKING pc=0x000001ba07583aa2 sp=0x0000003861ffdf08 mode 2
Event: 6.025 Thread 0x000001ba555aed10 Uncommon trap: trap_request=0xffffffc6 fr.pc=0x000001ba07be3a38 relative=0x0000000000000438
Event: 6.025 Thread 0x000001ba555aed10 Uncommon trap: reason=bimorphic_or_optimized_type_check action=maybe_recompile pc=0x000001ba07be3a38 method=java.util.regex.Pattern$BmpCharPropertyGreedy.match(Ljava/util/regex/Matcher;ILjava/lang/CharSequence;)Z @ 26 c2
Event: 6.025 Thread 0x000001ba555aed10 DEOPT PACKING pc=0x000001ba07be3a38 sp=0x0000003861ffdf60
Event: 6.025 Thread 0x000001ba555aed10 DEOPT UNPACKING pc=0x000001ba07583aa2 sp=0x0000003861ffdf18 mode 2
Event: 6.559 Thread 0x000001ba555aed10 Uncommon trap: trap_request=0xffffff45 fr.pc=0x000001ba07b92a2c relative=0x000000000000142c
Event: 6.559 Thread 0x000001ba555aed10 Uncommon trap: reason=unstable_if action=reinterpret pc=0x000001ba07b92a2c method=java.io.WinNTFileSystem.normalize(Ljava/lang/String;II)Ljava/lang/String; @ 100 c2
Event: 6.559 Thread 0x000001ba555aed10 DEOPT PACKING pc=0x000001ba07b92a2c sp=0x0000003861ff8f40
Event: 6.559 Thread 0x000001ba555aed10 DEOPT UNPACKING pc=0x000001ba07583aa2 sp=0x0000003861ff8e80 mode 2
Event: 6.559 Thread 0x000001ba555aed10 Uncommon trap: trap_request=0xffffff45 fr.pc=0x000001ba07b96228 relative=0x00000000000012e8
Event: 6.559 Thread 0x000001ba555aed10 Uncommon trap: reason=unstable_if action=reinterpret pc=0x000001ba07b96228 method=java.io.WinNTFileSystem.normalize(Ljava/lang/String;II)Ljava/lang/String; @ 100 c2
Event: 6.559 Thread 0x000001ba555aed10 DEOPT PACKING pc=0x000001ba07b96228 sp=0x0000003861ff8e70
Event: 6.559 Thread 0x000001ba555aed10 DEOPT UNPACKING pc=0x000001ba07583aa2 sp=0x0000003861ff8e78 mode 2

Classes loaded (20 events):
Event: 6.418 Loading class java/util/concurrent/locks/ReentrantLock$FairSync
Event: 6.418 Loading class java/util/concurrent/locks/ReentrantLock$FairSync done
Event: 6.677 Loading class java/util/stream/ReferencePipeline$5
Event: 6.677 Loading class java/util/stream/LongPipeline$StatelessOp
Event: 6.677 Loading class java/util/stream/LongPipeline
Event: 6.678 Loading class java/util/stream/LongStream
Event: 6.679 Loading class java/util/stream/LongStream done
Event: 6.679 Loading class java/util/stream/LongPipeline done
Event: 6.679 Loading class java/util/stream/LongPipeline$StatelessOp done
Event: 6.679 Loading class java/util/stream/ReferencePipeline$5 done
Event: 6.680 Loading class java/util/function/LongBinaryOperator
Event: 6.681 Loading class java/util/function/LongBinaryOperator done
Event: 6.684 Loading class java/util/stream/ReduceOps$10
Event: 6.684 Loading class java/util/stream/ReduceOps$10 done
Event: 6.684 Loading class java/util/stream/ReduceOps$8ReducingSink
Event: 6.685 Loading class java/util/stream/Sink$OfLong
Event: 6.685 Loading class java/util/stream/Sink$OfLong done
Event: 6.685 Loading class java/util/stream/ReduceOps$8ReducingSink done
Event: 6.686 Loading class java/util/stream/ReferencePipeline$5$1
Event: 6.686 Loading class java/util/stream/ReferencePipeline$5$1 done

Classes unloaded (0 events):
No events

Classes redefined (0 events):
No events

Internal exceptions (20 events):
Event: 2.600 Thread 0x000001ba777fea50 Implicit null exception at 0x000001ba07b31a1a to 0x000001ba07b31c24
Event: 2.600 Thread 0x000001ba777fea50 Implicit null exception at 0x000001ba07b2e9bd to 0x000001ba07b2ea41
Event: 2.805 Thread 0x000001ba777fea50 Exception <a 'java/lang/NoSuchMethodError'{0x00000000d59ccd10}: 'void java.lang.invoke.DirectMethodHandle$Holder.invokeSpecial(java.lang.Object, java.lang.Object, java.lang.Object)'> (0x00000000d59ccd10) 
thrown [s\src\hotspot\share\interpreter\linkResolver.cpp, line 773]
Event: 3.218 Thread 0x000001ba777fea50 Exception <a 'java/lang/NoSuchMethodError'{0x00000000d6432d00}: 'int java.lang.invoke.DirectMethodHandle$Holder.invokeVirtual(java.lang.Object, java.lang.Object)'> (0x00000000d6432d00) 
thrown [s\src\hotspot\share\interpreter\linkResolver.cpp, line 773]
Event: 3.319 Thread 0x000001ba777fea50 Exception <a 'java/lang/NoSuchMethodError'{0x00000000d65aa1c8}: 'int java.lang.invoke.DirectMethodHandle$Holder.invokeStaticInit(java.lang.Object, java.lang.Object, java.lang.Object, java.lang.Object)'> (0x00000000d65aa1c8) 
thrown [s\src\hotspot\share\interpreter\linkResolver.cpp, line 773]
Event: 3.321 Thread 0x000001ba777fea50 Exception <a 'java/lang/IncompatibleClassChangeError'{0x00000000d65b25d0}: Found class java.lang.Object, but interface was expected> (0x00000000d65b25d0) 
thrown [s\src\hotspot\share\interpreter\linkResolver.cpp, line 840]
Event: 3.322 Thread 0x000001ba777fea50 Exception <a 'java/lang/NoSuchMethodError'{0x00000000d65b8b80}: 'void java.lang.invoke.DirectMethodHandle$Holder.invokeStaticInit(java.lang.Object, java.lang.Object)'> (0x00000000d65b8b80) 
thrown [s\src\hotspot\share\interpreter\linkResolver.cpp, line 773]
Event: 3.323 Thread 0x000001ba777fea50 Exception <a 'java/lang/NoSuchMethodError'{0x00000000d65c1db8}: 'int java.lang.invoke.DirectMethodHandle$Holder.invokeStaticInit(java.lang.Object, java.lang.Object)'> (0x00000000d65c1db8) 
thrown [s\src\hotspot\share\interpreter\linkResolver.cpp, line 773]
Event: 3.426 Thread 0x000001ba777fea50 Exception <a 'java/lang/NoSuchMethodError'{0x00000000d68085a0}: 'java.lang.Object java.lang.invoke.DirectMethodHandle$Holder.newInvokeSpecial(java.lang.Object, int, java.lang.Object)'> (0x00000000d68085a0) 
thrown [s\src\hotspot\share\interpreter\linkResolver.cpp, line 773]
Event: 3.510 Thread 0x000001ba777fea50 Exception <a 'java/lang/ClassNotFoundException'{0x00000000d6a20728}: sun/net/www/protocol/plurl/Handler> (0x00000000d6a20728) 
thrown [s\src\hotspot\share\classfile\systemDictionary.cpp, line 312]
Event: 3.510 Thread 0x000001ba777fea50 Exception <a 'java/lang/ClassNotFoundException'{0x00000000d6a215a8}: sun/net/www/protocol/plurl/Handler> (0x00000000d6a215a8) 
thrown [s\src\hotspot\share\classfile\systemDictionary.cpp, line 312]
Event: 3.821 Thread 0x000001ba777fea50 Exception <a 'java/lang/UnsatisfiedLinkError'{0x00000000d55ba768}: 'void org.eclipse.equinox.launcher.JNIBridge._update_splash()'> (0x00000000d55ba768) 
thrown [s\src\hotspot\share\prims\nativeLookup.cpp, line 415]
Event: 3.888 Thread 0x000001ba55727480 Exception <a 'java/lang/NoSuchMethodError'{0x00000000d586b0f8}: 'void java.lang.invoke.DirectMethodHandle$Holder.invokeInterface(java.lang.Object, java.lang.Object, java.lang.Object)'> (0x00000000d586b0f8) 
thrown [s\src\hotspot\share\interpreter\linkResolver.cpp, line 773]
Event: 4.056 Thread 0x000001ba555aed10 Exception <a 'java/lang/NoSuchMethodError'{0x00000000d5c51348}: 'java.lang.Object java.lang.invoke.DirectMethodHandle$Holder.newInvokeSpecial(java.lang.Object, java.lang.Object, int, java.lang.Object)'> (0x00000000d5c51348) 
thrown [s\src\hotspot\share\interpreter\linkResolver.cpp, line 773]
Event: 4.057 Thread 0x000001ba555aed10 Exception <a 'java/lang/NoSuchMethodError'{0x00000000d5c55178}: 'java.lang.Object java.lang.invoke.DirectMethodHandle$Holder.invokeSpecial(java.lang.Object, java.lang.Object, java.lang.Object, int, java.lang.Object)'> (0x00000000d5c55178) 
thrown [s\src\hotspot\share\interpreter\linkResolver.cpp, line 773]
Event: 4.089 Thread 0x000001ba555aed10 Exception <a 'java/lang/NoClassDefFoundError'{0x00000000d5cfce80}: jakarta/servlet/ServletContainerInitializer> (0x00000000d5cfce80) 
thrown [s\src\hotspot\share\classfile\systemDictionary.cpp, line 301]
Event: 4.135 Thread 0x000001ba555aed10 Exception <a 'java/lang/ClassNotFoundException'{0x00000000d5e516c0}: sun/util/logging/resources/spi/loggingProvider> (0x00000000d5e516c0) 
thrown [s\src\hotspot\share\classfile\systemDictionary.cpp, line 312]
Event: 6.124 Thread 0x000001ba555aed10 Exception <a 'java/lang/NullPointerException'{0x00000000d668ffb8}> (0x00000000d668ffb8) 
thrown [s\src\hotspot\share\interpreter\linkResolver.cpp, line 1372]
Event: 6.124 Thread 0x000001ba555aed10 Exception <a 'java/lang/NullPointerException'{0x00000000d6690298}> (0x00000000d6690298) 
thrown [s\src\hotspot\share\interpreter\linkResolver.cpp, line 1372]
Event: 6.674 Thread 0x000001ba555aed10 Exception <a 'java/lang/NoSuchMethodError'{0x00000000d575f5a8}: 'long java.lang.invoke.DirectMethodHandle$Holder.invokeSpecial(java.lang.Object, java.lang.Object)'> (0x00000000d575f5a8) 
thrown [s\src\hotspot\share\interpreter\linkResolver.cpp, line 773]

ZGC Phase Switch (0 events):
No events

VM Operations (20 events):
Event: 3.812 Executing VM operation: ParallelGCFailedAllocation (Allocation Failure) done
Event: 4.115 Executing VM operation: HandshakeAllThreads (Deoptimize)
Event: 4.116 Executing VM operation: HandshakeAllThreads (Deoptimize) done
Event: 4.156 Executing VM operation: HandshakeAllThreads (Deoptimize)
Event: 4.156 Executing VM operation: HandshakeAllThreads (Deoptimize) done
Event: 4.192 Executing VM operation: HandshakeAllThreads (Deoptimize)
Event: 4.192 Executing VM operation: HandshakeAllThreads (Deoptimize) done
Event: 4.214 Executing VM operation: HandshakeAllThreads (Deoptimize)
Event: 4.215 Executing VM operation: HandshakeAllThreads (Deoptimize) done
Event: 4.661 Executing VM operation: ParallelGCFailedAllocation (Allocation Failure)
Event: 4.672 Executing VM operation: ParallelGCFailedAllocation (Allocation Failure) done
Event: 4.846 Executing VM operation: HandshakeAllThreads (Deoptimize)
Event: 4.846 Executing VM operation: HandshakeAllThreads (Deoptimize) done
Event: 5.855 Executing VM operation: Cleanup
Event: 5.874 Executing VM operation: Cleanup done
Event: 6.420 Executing VM operation: HandshakeAllThreads (Deoptimize)
Event: 6.420 Executing VM operation: HandshakeAllThreads (Deoptimize) done
Event: 6.535 Executing VM operation: ParallelGCFailedAllocation (Allocation Failure)
Event: 6.545 Executing VM operation: ParallelGCFailedAllocation (Allocation Failure) done
Event: 7.548 Executing VM operation: Cleanup

Memory protections (0 events):
No events

Nmethod flushes (0 events):
No events

Events (20 events):
Event: 0.855 Thread 0x000001ba777fea50 Thread added: 0x000001ba50ed3420
Event: 1.133 Thread 0x000001ba50bfca30 Thread added: 0x000001ba550086d0
Event: 2.102 Thread 0x000001ba550086d0 Thread exited: 0x000001ba550086d0
Event: 2.785 Thread 0x000001ba50d5fa90 Thread exited: 0x000001ba50d5fa90
Event: 2.797 Thread 0x000001ba50bfca30 Thread added: 0x000001ba555aed10
Event: 2.908 Thread 0x000001ba50bfca30 Thread added: 0x000001ba55597fd0
Event: 3.327 Thread 0x000001ba55597fd0 Thread exited: 0x000001ba55597fd0
Event: 3.344 Thread 0x000001ba777fea50 Thread added: 0x000001ba55597fd0
Event: 3.818 Thread 0x000001ba777fea50 Thread added: 0x000001ba55727480
Event: 3.894 Thread 0x000001ba55727480 Thread added: 0x000001ba55632d10
Event: 3.900 Thread 0x000001ba555aed10 Thread exited: 0x000001ba555aed10
Event: 3.901 Thread 0x000001ba777fea50 Thread added: 0x000001ba555aed10
Event: 3.986 Thread 0x000001ba50bfca30 Thread added: 0x000001ba556d1f90
Event: 4.229 Thread 0x000001ba50bfca30 Thread added: 0x000001ba55b3bab0
Event: 4.815 Thread 0x000001ba555aed10 Thread added: 0x000001ba562101b0
Event: 4.860 Thread 0x000001ba55b3bab0 Thread exited: 0x000001ba55b3bab0
Event: 5.311 Thread 0x000001ba556d1f90 Thread exited: 0x000001ba556d1f90
Event: 6.361 Thread 0x000001ba555aed10 Thread added: 0x000001ba553c6a40
Event: 6.699 Thread 0x000001ba7f282260 Thread added: 0x000001ba55d58bb0
Event: 6.699 Thread 0x000001ba7f282260 Thread added: 0x000001ba5601eb30


Dynamic libraries:
0x00007ff7a1b70000 - 0x00007ff7a1b7e000 	c:\Users\Ana\.vscode\extensions\redhat.java-1.52.0-win32-x64\jre\21.0.9-win32-x86_64\bin\java.exe
0x00007ffe6a760000 - 0x00007ffe6a9c7000 	C:\WINDOWS\SYSTEM32\ntdll.dll
0x00007ffe69b50000 - 0x00007ffe69c19000 	C:\WINDOWS\System32\KERNEL32.DLL
0x00007ffe67ac0000 - 0x00007ffe67eaf000 	C:\WINDOWS\System32\KERNELBASE.dll
0x00007ffe68030000 - 0x00007ffe6817b000 	C:\WINDOWS\System32\ucrtbase.dll
0x00007ffe53810000 - 0x00007ffe5382e000 	c:\Users\Ana\.vscode\extensions\redhat.java-1.52.0-win32-x64\jre\21.0.9-win32-x86_64\bin\VCRUNTIME140.dll
0x00007ffe546c0000 - 0x00007ffe546d8000 	c:\Users\Ana\.vscode\extensions\redhat.java-1.52.0-win32-x64\jre\21.0.9-win32-x86_64\bin\jli.dll
0x00007ffe68580000 - 0x00007ffe68745000 	C:\WINDOWS\System32\USER32.dll
0x00007ffe67a90000 - 0x00007ffe67ab7000 	C:\WINDOWS\System32\win32u.dll
0x00007ffe540a0000 - 0x00007ffe54333000 	C:\WINDOWS\WinSxS\amd64_microsoft.windows.common-controls_6595b64144ccf1df_6.0.26100.7309_none_3e05feeae336a044\COMCTL32.dll
0x00007ffe6a2c0000 - 0x00007ffe6a369000 	C:\WINDOWS\System32\msvcrt.dll
0x00007ffe69780000 - 0x00007ffe697ab000 	C:\WINDOWS\System32\GDI32.dll
0x00007ffe678b0000 - 0x00007ffe679dc000 	C:\WINDOWS\System32\gdi32full.dll
0x00007ffe679e0000 - 0x00007ffe67a83000 	C:\WINDOWS\System32\msvcp_win.dll
0x00007ffe69df0000 - 0x00007ffe69e21000 	C:\WINDOWS\System32\IMM32.DLL
0x00007ffe5fbb0000 - 0x00007ffe5fbbc000 	c:\Users\Ana\.vscode\extensions\redhat.java-1.52.0-win32-x64\jre\21.0.9-win32-x86_64\bin\vcruntime140_1.dll
0x00007ffe46b00000 - 0x00007ffe46b8d000 	c:\Users\Ana\.vscode\extensions\redhat.java-1.52.0-win32-x64\jre\21.0.9-win32-x86_64\bin\msvcp140.dll
0x00007ffe11aa0000 - 0x00007ffe12840000 	c:\Users\Ana\.vscode\extensions\redhat.java-1.52.0-win32-x64\jre\21.0.9-win32-x86_64\bin\server\jvm.dll
0x00007ffe69900000 - 0x00007ffe699b4000 	C:\WINDOWS\System32\ADVAPI32.dll
0x00007ffe6a610000 - 0x00007ffe6a6b6000 	C:\WINDOWS\System32\sechost.dll
0x00007ffe6a4f0000 - 0x00007ffe6a608000 	C:\WINDOWS\System32\RPCRT4.dll
0x00007ffe699e0000 - 0x00007ffe69a54000 	C:\WINDOWS\System32\WS2_32.dll
0x00007ffe67730000 - 0x00007ffe6778e000 	C:\WINDOWS\SYSTEM32\POWRPROF.dll
0x00007ffe5fbe0000 - 0x00007ffe5fc15000 	C:\WINDOWS\SYSTEM32\WINMM.dll
0x00007ffe5fe10000 - 0x00007ffe5fe1b000 	C:\WINDOWS\SYSTEM32\VERSION.dll
0x00007ffe67710000 - 0x00007ffe67724000 	C:\WINDOWS\SYSTEM32\UMPDC.dll
0x00007ffe66660000 - 0x00007ffe6667b000 	C:\WINDOWS\SYSTEM32\kernel.appcore.dll
0x00007ffe58090000 - 0x00007ffe5809a000 	c:\Users\Ana\.vscode\extensions\redhat.java-1.52.0-win32-x64\jre\21.0.9-win32-x86_64\bin\jimage.dll
0x00007ffe53a10000 - 0x00007ffe53c52000 	C:\WINDOWS\SYSTEM32\DBGHELP.DLL
0x00007ffe68b90000 - 0x00007ffe68f16000 	C:\WINDOWS\System32\combase.dll
0x00007ffe68750000 - 0x00007ffe68826000 	C:\WINDOWS\System32\OLEAUT32.dll
0x00007ffe4bec0000 - 0x00007ffe4befc000 	C:\WINDOWS\SYSTEM32\dbgcore.DLL
0x00007ffe67ec0000 - 0x00007ffe67f65000 	C:\WINDOWS\System32\bcryptPrimitives.dll
0x00007ffe57de0000 - 0x00007ffe57def000 	c:\Users\Ana\.vscode\extensions\redhat.java-1.52.0-win32-x64\jre\21.0.9-win32-x86_64\bin\instrument.dll
0x00007ffe52620000 - 0x00007ffe52640000 	c:\Users\Ana\.vscode\extensions\redhat.java-1.52.0-win32-x64\jre\21.0.9-win32-x86_64\bin\java.dll
0x00007ffe68f20000 - 0x00007ffe69673000 	C:\WINDOWS\System32\SHELL32.dll
0x00007ffe68390000 - 0x00007ffe684fa000 	C:\WINDOWS\System32\wintypes.dll
0x00007ffe654f0000 - 0x00007ffe65d4e000 	C:\WINDOWS\SYSTEM32\windows.storage.dll
0x00007ffe69680000 - 0x00007ffe69775000 	C:\WINDOWS\System32\SHCORE.dll
0x00007ffe69ae0000 - 0x00007ffe69b46000 	C:\WINDOWS\System32\shlwapi.dll
0x00007ffe677d0000 - 0x00007ffe677f9000 	C:\WINDOWS\SYSTEM32\profapi.dll
0x00007ffe52560000 - 0x00007ffe52578000 	c:\Users\Ana\.vscode\extensions\redhat.java-1.52.0-win32-x64\jre\21.0.9-win32-x86_64\bin\zip.dll
0x00007ffe563f0000 - 0x00007ffe56400000 	C:\Users\Ana\.vscode\extensions\redhat.java-1.52.0-win32-x64\jre\21.0.9-win32-x86_64\bin\net.dll
0x00007ffe5dc20000 - 0x00007ffe5dd48000 	C:\WINDOWS\SYSTEM32\WINHTTP.dll
0x00007ffe66bd0000 - 0x00007ffe66c3b000 	C:\WINDOWS\system32\mswsock.dll
0x00007ffe52470000 - 0x00007ffe52486000 	C:\Users\Ana\.vscode\extensions\redhat.java-1.52.0-win32-x64\jre\21.0.9-win32-x86_64\bin\nio.dll
0x00007ffe56330000 - 0x00007ffe56340000 	c:\Users\Ana\.vscode\extensions\redhat.java-1.52.0-win32-x64\jre\21.0.9-win32-x86_64\bin\verify.dll
0x00007ffe48b70000 - 0x00007ffe48bb5000 	C:\Users\Ana\AppData\Roaming\Code\User\globalStorage\redhat.java\1.52.0\config_win\org.eclipse.equinox.launcher\org.eclipse.equinox.launcher.win32.win32.x86_64_1.2.1500.v20260121-1430\eclipse_11919.dll
0x00007ffe69c20000 - 0x00007ffe69db7000 	C:\WINDOWS\System32\ole32.dll

JVMTI agents:
c:\Users\Ana\.vscode\extensions\redhat.java-1.52.0-win32-x64\lombok\lombok-1.18.39-4050.jar path:c:\Users\Ana\.vscode\extensions\redhat.java-1.52.0-win32-x64\jre\21.0.9-win32-x86_64\bin\instrument.dll, loaded, initialized, instrumentlib options:none

dbghelp: loaded successfully - version: 4.0.5 - missing functions: none
symbol engine: initialized successfully - sym options: 0x614 - pdb path: .;c:\Users\Ana\.vscode\extensions\redhat.java-1.52.0-win32-x64\jre\21.0.9-win32-x86_64\bin;C:\WINDOWS\SYSTEM32;C:\WINDOWS\WinSxS\amd64_microsoft.windows.common-controls_6595b64144ccf1df_6.0.26100.7309_none_3e05feeae336a044;c:\Users\Ana\.vscode\extensions\redhat.java-1.52.0-win32-x64\jre\21.0.9-win32-x86_64\bin\server;C:\Users\Ana\AppData\Roaming\Code\User\globalStorage\redhat.java\1.52.0\config_win\org.eclipse.equinox.launcher\org.eclipse.equinox.launcher.win32.win32.x86_64_1.2.1500.v20260121-1430

VM Arguments:
jvm_args: --add-modules=ALL-SYSTEM --add-opens=java.base/java.util=ALL-UNNAMED --add-opens=java.base/java.lang=ALL-UNNAMED --add-opens=java.base/sun.nio.fs=ALL-UNNAMED -Declipse.application=org.eclipse.jdt.ls.core.id1 -Dosgi.bundles.defaultStartLevel=4 -Declipse.product=org.eclipse.jdt.ls.core.product -Djava.import.generatesMetadataFilesAtProjectRoot=false -DDetectVMInstallationsJob.disabled=true -Dfile.encoding=utf8 -XX:+UseParallelGC -XX:GCTimeRatio=4 -XX:AdaptiveSizePolicyWeight=90 -Dsun.zip.disableMemoryMapping=true -Xmx2G -Xms100m -Xlog:disable -javaagent:c:\Users\Ana\.vscode\extensions\redhat.java-1.52.0-win32-x64\lombok\lombok-1.18.39-4050.jar -XX:+HeapDumpOnOutOfMemoryError -XX:HeapDumpPath=c:\Users\Ana\AppData\Roaming\Code\User\workspaceStorage\da09b2e9f6d0d126afffef9b12f6fccd\redhat.java -Daether.dependencyCollector.impl=bf 
java_command: c:\Users\Ana\.vscode\extensions\redhat.java-1.52.0-win32-x64\server\plugins\org.eclipse.equinox.launcher_1.7.100.v20251111-0406.jar -configuration c:\Users\Ana\AppData\Roaming\Code\User\globalStorage\redhat.java\1.52.0\config_win -data c:\Users\Ana\AppData\Roaming\Code\User\workspaceStorage\da09b2e9f6d0d126afffef9b12f6fccd\redhat.java\jdt_ws --pipe=\\.\pipe\lsp-0e402fef9bf9447479042da10546b156-sock
java_class_path (initial): c:\Users\Ana\.vscode\extensions\redhat.java-1.52.0-win32-x64\server\plugins\org.eclipse.equinox.launcher_1.7.100.v20251111-0406.jar
Launcher Type: SUN_STANDARD

[Global flags]
    uintx AdaptiveSizePolicyWeight                 = 90                                        {product} {command line}
     intx CICompilerCount                          = 4                                         {product} {ergonomic}
    uintx GCTimeRatio                              = 4                                         {product} {command line}
     bool HeapDumpOnOutOfMemoryError               = true                                   {manageable} {command line}
    ccstr HeapDumpPath                             = c:\Users\Ana\AppData\Roaming\Code\User\workspaceStorage\da09b2e9f6d0d126afffef9b12f6fccd\redhat.java         {manageable} {command line}
   size_t InitialHeapSize                          = 104857600                                 {product} {command line}
   size_t MaxHeapSize                              = 2147483648                                {product} {command line}
   size_t MaxNewSize                               = 715653120                                 {product} {ergonomic}
   size_t MinHeapDeltaBytes                        = 524288                                    {product} {ergonomic}
   size_t MinHeapSize                              = 104857600                                 {product} {command line}
   size_t NewSize                                  = 34603008                                  {product} {ergonomic}
    uintx NonNMethodCodeHeapSize                   = 5839372                                {pd product} {ergonomic}
    uintx NonProfiledCodeHeapSize                  = 122909434                              {pd product} {ergonomic}
   size_t OldSize                                  = 70254592                                  {product} {ergonomic}
    uintx ProfiledCodeHeapSize                     = 122909434                              {pd product} {ergonomic}
    uintx ReservedCodeCacheSize                    = 251658240                              {pd product} {ergonomic}
     bool SegmentedCodeCache                       = true                                      {product} {ergonomic}
   size_t SoftMaxHeapSize                          = 2147483648                             {manageable} {ergonomic}
     bool UseCompressedOops                        = true                           {product lp64_product} {ergonomic}
     bool UseLargePagesIndividualAllocation        = false                                  {pd product} {ergonomic}
     bool UseParallelGC                            = true                                      {product} {command line}

Logging:
Log output configuration:
 #0: stdout all=off uptime,level,tags foldmultilines=false
 #1: stderr all=off uptime,level,tags foldmultilines=false

Release file:
JAVA_VERSION="21.0.9" 
MODULES="java.base java.compiler java.datatransfer java.xml java.prefs java.desktop java.instrument java.logging java.management java.security.sasl java.naming java.rmi java.management.rmi java.net.http java.scripting java.security.jgss java.transaction.xa java.sql java.sql.rowset java.xml.crypto java.se java.smartcardio jdk.accessibility jdk.internal.jvmstat jdk.attach jdk.charsets jdk.internal.opt jdk.zipfs jdk.compiler jdk.crypto.ec jdk.crypto.cryptoki jdk.crypto.mscapi jdk.dynalink jdk.internal.ed jdk.editpad jdk.hotspot.agent jdk.httpserver jdk.internal.le jdk.internal.vm.ci jdk.internal.vm.compiler jdk.internal.vm.compiler.management jdk.jartool jdk.javadoc jdk.jcmd jdk.management jdk.management.agent jdk.jconsole jdk.jdeps jdk.jdwp.agent jdk.jdi jdk.jfr jdk.jshell jdk.jsobject jdk.jstatd jdk.localedata jdk.management.jfr jdk.naming.dns jdk.naming.rmi jdk.net jdk.nio.mapmode jdk.random jdk.sctp jdk.security.auth jdk.security.jgss jdk.unsupported jdk.unsupported.desktop jdk.xml.dom" 

Environment Variables:
JAVA_HOME=C:\Program Files\Amazon Corretto\jdk11.0.30_7
PATH=C:\Program Files\Amazon Corretto\jdk11.0.30_7\bin;C:\WINDOWS\system32;C:\WINDOWS;C:\WINDOWS\System32\Wbem;C:\WINDOWS\System32\WindowsPowerShell\v1.0\;C:\WINDOWS\System32\OpenSSH\;C:\Program Files\Git\cmd;C:\Program Files\Wondershare\Wondershare DemoCreator;C:\Maven\apache-maven-3.9.12-bin\apache-maven-3.9.12\bin;C:\Users\Ana\AppData\Local\Microsoft\WindowsApps;C:\Users\Ana\AppData\Local\Programs\Microsoft VS Code\bin;C:\Users\Ana\AppData\Roaming\TinyTeX\bin\windows;
USERNAME=Ana
OS=Windows_NT
PROCESSOR_IDENTIFIER=AMD64 Family 23 Model 24 Stepping 1, AuthenticAMD
TMP=C:\Users\Ana\AppData\Local\Temp
TEMP=C:\Users\Ana\AppData\Local\Temp




Periodic native trim disabled

---------------  S Y S T E M  ---------------

OS:
 Windows 11 , 64 bit Build 26100 (10.0.26100.7623)
OS uptime: 0 days 0:29 hours

CPU: total 8 (initial active 8) (8 cores per cpu, 2 threads per core) family 23 model 24 stepping 1 microcode 0x8108102, cx8, cmov, fxsr, ht, mmx, 3dnowpref, sse, sse2, sse3, ssse3, sse4a, sse4.1, sse4.2, popcnt, lzcnt, tsc, tscinvbit, avx, avx2, aes, clmul, bmi1, bmi2, adx, sha, fma, vzeroupper, clflush, clflushopt, rdtscp, f16c
Processor Information for the first 8 processors :
  Max Mhz: 2100, Current Mhz: 2100, Mhz Limit: 2100

Memory: 4k page, system-wide physical 6082M (844M free)
TotalPageFile size 7106M (AvailPageFile size 0M)
current process WorkingSet (physical memory assigned to process): 116M, peak: 116M
current process commit charge ("private bytes"): 255M, peak: 255M

vm_info: OpenJDK 64-Bit Server VM (21.0.9+10-LTS) for windows-amd64 JRE (21.0.9+10-LTS), built on 2025-10-21T00:00:00Z by "admin" with unknown MS VC++:1942

END.
